<?xml version="1.0" encoding="UTF-8"?>
<!-- Generated by org.testng.reporters.JUnitReportReporter -->
<testsuite skipped="0" hostname="WINDOWS-PLHO4PI" name="script.Test_Case_02" tests="1" failures="0" timestamp="29 Mar 2017 13:28:56 GMT" time="29.464" errors="0">
  <testcase name="testInvalidLogin" time="29.464" classname="script.Test_Case_02"/>
</testsuite> <!-- script.Test_Case_02 -->
