<?xml version="1.0" encoding="UTF-8"?>
<!-- Generated by org.testng.reporters.JUnitReportReporter -->
<testsuite skipped="0" hostname="WINDOWS-PLHO4PI" name="script.Test_Case_01" tests="1" failures="0" timestamp="29 Mar 2017 13:28:56 GMT" time="43.172" errors="0">
  <testcase name="testLogin" time="43.172" classname="script.Test_Case_01"/>
</testsuite> <!-- script.Test_Case_01 -->
