<?xml version="1.0" encoding="UTF-8"?>
<!-- Generated by org.testng.reporters.JUnitReportReporter -->
<testsuite skipped="0" hostname="WINDOWS-PLHO4PI" name="script.Test_Case_03" tests="1" failures="0" timestamp="29 Mar 2017 13:28:56 GMT" time="31.200" errors="0">
  <testcase name="verifyProductVersion" time="31.200" classname="script.Test_Case_03"/>
</testsuite> <!-- script.Test_Case_03 -->
